<?xml version="1.0" encoding="utf-8"?><testsuites name="pytest tests"><testsuite name="pytest" errors="0" failures="0" skipped="0" tests="54" time="9.430" timestamp="2026-08-27T06:14:18.118082+00:00" hostname="agent-env-a398e4e3-0539-4297-b964-14b1666cd456"><testcase classname="tests.backend_test.TestAuth" name="test_otp_send" time="0.126" /><testcase classname="tests.test_v3_features.TestRegression" name="test_otp_auth" time="0.241" /><testcase classname="tests.backend_test.TestAuth" name="test_otp_verify_bad_code" time="0.069" /><testcase classname="tests.backend_test.TestAuth" name="test_otp_verify_good" time="0.031" /><testcase classname="tests.test_v3_features.TestRegression" name="test_seat_conflict_409" time="0.300" /><testcase classname="tests.backend_test.TestAuth" name="test_auth_me" time="0.195" /><testcase classname="tests.backend_test.TestAuth" name="test_auth_me_no_token" time="0.072" /><testcase classname="tests.test_new_features.TestReferrals" name="test_referral_me_shape" time="0.143" /><testcase classname="tests.test_v3_features.TestRegression" name="test_payment_50_50_split" time="0.197" /><testcase classname="tests.test_new_features.TestReferrals" name="test_apply_own_code_400" time="0.306" /><testcase classname="tests.test_v3_features.TestRegression" name="test_review_creation" time="0.270" /><testcase classname="tests.test_new_features.TestReferrals" name="test_apply_invalid_code_404" time="0.117" /><testcase classname="tests.test_v3_features.TestRegression" name="test_referral_apply" time="0.235" /><testcase classname="tests.test_new_features.TestReferrals" name="test_apply_twice_409" time="0.506" /><testcase classname="tests.test_v3_features.TestRegression" name="test_admin_approvals" time="0.373" /><testcase classname="tests.test_new_features.TestReferrals" name="test_referral_bonus_credited_first_paid_only" time="1.012" /><testcase classname="tests.test_v3_features.TestRegression" name="test_config_and_geocode" time="0.160" /><testcase classname="tests.backend_test.TestBookings" name="test_create_pay_and_persist" time="0.388" /><testcase classname="tests.backend_test.TestBookings" name="test_seat_conflict" time="0.236" /><testcase classname="tests.backend_test.TestBookings" name="test_my_bookings" time="0.074" /><testcase classname="tests.backend_test.TestBookings" name="test_bookings_unauth" time="0.037" /><testcase classname="tests.test_v3_features.TestCancelBooking" name="test_cancel_paid_booking_refunds_and_releases_seats" time="0.508" /><testcase classname="tests.backend_test.TestVehicles" name="test_search_returns_seeded" time="0.052" /><testcase classname="tests.backend_test.TestVehicles" name="test_search_filter_by_type" time="0.050" /><testcase classname="tests.backend_test.TestVehicles" name="test_vehicle_seats" time="0.045" /><testcase classname="tests.backend_test.TestVehicles" name="test_driver_registers_vehicle" time="0.357" /><testcase classname="tests.test_v3_features.TestCancelBooking" name="test_cancel_idempotent" time="0.225" /><testcase classname="tests.backend_test.TestWallet" name="test_driver_wallet_after_payment" time="0.115" /><testcase classname="tests.backend_test.TestWallet" name="test_withdraw_insufficient" time="0.074" /><testcase classname="tests.test_v3_features.TestCancelBooking" name="test_cancel_by_non_owner_returns_404" time="0.256" /><testcase classname="tests.backend_test.TestWallet" name="test_withdraw_ok" time="0.197" /><testcase classname="tests.backend_test.TestAdmin" name="test_non_admin_forbidden" time="0.032" /><testcase classname="tests.test_v3_features.TestCancelBooking" name="test_cancel_unpaid_booking_no_refund" time="0.146" /><testcase classname="tests.backend_test.TestAdmin" name="test_admin_stats" time="0.166" /><testcase classname="tests.test_new_features.TestGeocode" name="test_geocode_known" time="0.112" /><testcase classname="tests.backend_test.TestAdmin" name="test_admin_pending_and_approve_reject" time="0.260" /><testcase classname="tests.test_new_features.TestGeocode" name="test_geocode_case_insensitive" time="0.047" /><testcase classname="tests.test_new_features.TestGeocode" name="test_geocode_unknown_404" time="0.076" /><testcase classname="tests.test_new_features.TestRazorpayFallback" name="test_pay_razorpay_falls_back_to_mock_when_disabled" time="0.172" /><testcase classname="tests.test_new_features.TestReviews" name="test_review_flow_two_users_avg" time="0.660" /><testcase classname="tests.test_new_features.TestRazorpayFallback" name="test_verify_payment_400_when_disabled" time="0.139" /><testcase classname="tests.test_new_features.TestRazorpayFallback" name="test_pay_gpay_still_works" time="0.260" /><testcase classname="tests.test_v3_features.TestVerifiedDriverBadge" name="test_badge_flips_at_5_five_stars_across_vehicles" time="1.506" /><testcase classname="tests.test_new_features.TestReviews" name="test_review_only_paid_booking" time="0.150" /><testcase classname="tests.test_new_features.TestReviews" name="test_review_not_owner" time="0.365" /><testcase classname="tests.test_v3_features.TestVehicleSearchAggregation" name="test_search_returns_seats_available_no_bookings" time="0.168" /><testcase classname="tests.test_v3_features.TestVehicleSearchAggregation" name="test_search_seats_available_after_bookings" time="0.298" /><testcase classname="tests.test_v3_features.TestVehicleSearchAggregation" name="test_search_latency" time="0.050" /><testcase classname="tests.backend_test.TestProfile" name="test_update_profile" time="0.104" /><testcase classname="tests.backend_test.TestProfile" name="test_non_admin_cannot_switch_admin" time="0.041" /><testcase classname="tests.backend_test.TestDriverBookings" name="test_driver_list" time="0.118" /><testcase classname="tests.test_new_features.TestConfig" name="test_config_shape" time="0.078" /><testcase classname="tests.test_v3_features.TestVerifiedDriverBadge" name="test_reviews_on_other_drivers_do_not_verify" time="1.636" /><testcase classname="tests.test_v3_features.TestVerifiedDriverBadge" name="test_low_stars_do_not_count" time="1.216" /></testsuite></testsuites>