<?xml version="1.0" encoding="utf-8"?><testsuites name="pytest tests"><testsuite name="pytest" errors="0" failures="1" skipped="0" tests="22" time="2.466" timestamp="2026-08-27T05:26:26.112021+00:00" hostname="agent-env-a398e4e3-0539-4297-b964-14b1666cd456"><testcase classname="tests.backend_test.TestVehicles" name="test_search_returns_seeded" time="0.517" /><testcase classname="tests.backend_test.TestAuth" name="test_otp_send" time="0.518" /><testcase classname="tests.backend_test.TestVehicles" name="test_search_filter_by_type" time="0.073" /><testcase classname="tests.backend_test.TestAuth" name="test_otp_verify_bad_code" time="0.249" /><testcase classname="tests.backend_test.TestVehicles" name="test_vehicle_seats" time="0.248" /><testcase classname="tests.backend_test.TestAuth" name="test_otp_verify_good" time="0.076" /><testcase classname="tests.backend_test.TestAuth" name="test_auth_me" time="0.173" /><testcase classname="tests.backend_test.TestVehicles" name="test_driver_registers_vehicle" time="0.311" /><testcase classname="tests.backend_test.TestAuth" name="test_auth_me_no_token" time="0.067" /><testcase classname="tests.backend_test.TestWallet" name="test_driver_wallet_after_payment" time="0.094"><failure message="assert 225.0 &gt;= 450.0">tests/backend_test.py:222: in test_driver_wallet_after_payment
    assert data["balance"] &gt;= 450.0  # driver_earning from car booking above
    ^^^^^^^^^^^^^^^^^^^^^^^^^^^^^^^
E   assert 225.0 &gt;= 450.0</failure></testcase><testcase classname="tests.backend_test.TestBookings" name="test_create_pay_and_persist" time="0.221" /><testcase classname="tests.backend_test.TestWallet" name="test_withdraw_insufficient" time="0.082" /><testcase classname="tests.backend_test.TestWallet" name="test_withdraw_ok" time="0.120" /><testcase classname="tests.backend_test.TestBookings" name="test_seat_conflict" time="0.182" /><testcase classname="tests.backend_test.TestAdmin" name="test_non_admin_forbidden" time="0.068" /><testcase classname="tests.backend_test.TestAdmin" name="test_admin_stats" time="0.112" /><testcase classname="tests.backend_test.TestBookings" name="test_my_bookings" time="0.073" /><testcase classname="tests.backend_test.TestBookings" name="test_bookings_unauth" time="0.069" /><testcase classname="tests.backend_test.TestAdmin" name="test_admin_pending_and_approve_reject" time="0.327" /><testcase classname="tests.backend_test.TestDriverBookings" name="test_driver_list" time="0.110" /><testcase classname="tests.backend_test.TestProfile" name="test_update_profile" time="0.071" /><testcase classname="tests.backend_test.TestProfile" name="test_non_admin_cannot_switch_admin" time="0.073" /></testsuite></testsuites>