<?xml version="1.0" encoding="utf-8"?><testsuites name="pytest tests"><testsuite name="pytest" errors="0" failures="0" skipped="0" tests="74" time="16.360" timestamp="2026-08-27T06:50:36.423122+00:00" hostname="agent-env-a398e4e3-0539-4297-b964-14b1666cd456"><testcase classname="tests.test_security_fixes.TestSEC001_OTP" name="test_send_returns_random_dev_code_each_call" time="0.450" /><testcase classname="tests.test_v3_features.TestRegression" name="test_otp_auth" time="0.451" /><testcase classname="tests.test_security_fixes.TestSEC001_OTP" name="test_verify_wrong_code_401" time="0.166" /><testcase classname="tests.test_v3_features.TestRegression" name="test_seat_conflict_409" time="0.581" /><testcase classname="tests.test_security_fixes.TestSEC001_OTP" name="test_verify_old_static_123456_rejected" time="0.138" /><testcase classname="tests.test_security_fixes.TestSEC001_OTP" name="test_correct_code_once_then_single_use" time="0.193" /><testcase classname="tests.test_security_fixes.TestSEC001_OTP" name="test_five_wrong_attempts_locks_code_429" time="0.416" /><testcase classname="tests.test_v3_features.TestRegression" name="test_payment_50_50_split" time="0.258" /><testcase classname="tests.test_v3_features.TestRegression" name="test_review_creation" time="0.272" /><testcase classname="tests.test_security_fixes.TestSEC001_OTP" name="test_send_rate_limit_6_per_hour" time="0.572" /><testcase classname="tests.test_v3_features.TestRegression" name="test_referral_apply" time="0.378" /><testcase classname="tests.test_security_fixes.TestSEC001_OTP" name="test_admin_phone_cannot_login_via_otp" time="0.152" /><testcase classname="tests.test_v3_features.TestRegression" name="test_admin_approvals" time="0.474" /><testcase classname="tests.backend_test.TestAuth" name="test_otp_send" time="0.090" /><testcase classname="tests.backend_test.TestAuth" name="test_otp_send_returns_new_code_each_time" time="0.181" /><testcase classname="tests.backend_test.TestAuth" name="test_otp_verify_bad_code" time="0.110" /><testcase classname="tests.test_v3_features.TestRegression" name="test_config_and_geocode" time="0.077" /><testcase classname="tests.backend_test.TestAuth" name="test_otp_verify_good" time="0.158" /><testcase classname="tests.test_new_features.TestReferrals" name="test_referral_me_shape" time="0.295" /><testcase classname="tests.backend_test.TestAuth" name="test_auth_me" time="0.205" /><testcase classname="tests.test_new_features.TestReferrals" name="test_apply_own_code_400" time="0.265" /><testcase classname="tests.backend_test.TestAuth" name="test_auth_me_no_token" time="0.069" /><testcase classname="tests.backend_test.TestVehicles" name="test_search_returns_seeded" time="0.041" /><testcase classname="tests.backend_test.TestVehicles" name="test_search_filter_by_type" time="0.035" /><testcase classname="tests.backend_test.TestVehicles" name="test_vehicle_seats" time="0.033" /><testcase classname="tests.test_new_features.TestReferrals" name="test_apply_invalid_code_404" time="0.176" /><testcase classname="tests.backend_test.TestVehicles" name="test_driver_registers_vehicle" time="0.320" /><testcase classname="tests.test_new_features.TestReferrals" name="test_apply_twice_409" time="0.605" /><testcase classname="tests.backend_test.TestBookings" name="test_create_pay_and_persist" time="0.335" /><testcase classname="tests.backend_test.TestBookings" name="test_seat_conflict" time="0.164" /><testcase classname="tests.test_new_features.TestReferrals" name="test_referral_bonus_credited_first_paid_only" time="1.656" /><testcase classname="tests.backend_test.TestBookings" name="test_my_bookings" time="0.041" /><testcase classname="tests.backend_test.TestBookings" name="test_bookings_unauth" time="0.070" /><testcase classname="tests.test_v3_features.TestCancelBooking" name="test_cancel_paid_booking_refunds_and_releases_seats" time="0.668" /><testcase classname="tests.test_v3_features.TestCancelBooking" name="test_cancel_idempotent" time="0.339" /><testcase classname="tests.test_v3_features.TestCancelBooking" name="test_cancel_by_non_owner_returns_404" time="0.544" /><testcase classname="tests.test_security_fixes.TestBookingValidation" name="test_duplicate_seats_400" time="0.312" /><testcase classname="tests.test_v3_features.TestCancelBooking" name="test_cancel_unpaid_booking_no_refund" time="0.266" /><testcase classname="tests.test_security_fixes.TestBookingValidation" name="test_seat_out_of_range_400" time="0.236" /><testcase classname="tests.backend_test.TestWallet" name="test_driver_wallet_after_payment" time="0.221" /><testcase classname="tests.backend_test.TestWallet" name="test_withdraw_insufficient" time="0.032" /><testcase classname="tests.backend_test.TestWallet" name="test_withdraw_ok" time="0.120" /><testcase classname="tests.test_security_fixes.TestBookingValidation" name="test_past_date_400" time="0.269" /><testcase classname="tests.backend_test.TestAdmin" name="test_non_admin_forbidden" time="0.074" /><testcase classname="tests.test_security_fixes.TestBookingValidation" name="test_invalid_date_format_400" time="0.276" /><testcase classname="tests.backend_test.TestAdmin" name="test_admin_stats" time="0.151" /><testcase classname="tests.backend_test.TestAdmin" name="test_admin_pending_and_approve_reject" time="0.256" /><testcase classname="tests.test_new_features.TestGeocode" name="test_geocode_known" time="0.065" /><testcase classname="tests.test_new_features.TestReviews" name="test_review_flow_two_users_avg" time="1.154" /><testcase classname="tests.test_new_features.TestGeocode" name="test_geocode_case_insensitive" time="0.052" /><testcase classname="tests.test_new_features.TestGeocode" name="test_geocode_unknown_404" time="0.046" /><testcase classname="tests.test_new_features.TestRazorpayFallback" name="test_pay_razorpay_falls_back_to_mock_when_disabled" time="0.433" /><testcase classname="tests.test_new_features.TestRazorpayFallback" name="test_verify_payment_400_when_disabled" time="0.744" /><testcase classname="tests.test_new_features.TestReviews" name="test_review_only_paid_booking" time="0.692" /><testcase classname="tests.test_new_features.TestRazorpayFallback" name="test_pay_gpay_still_works" time="0.891" /><testcase classname="tests.test_new_features.TestReviews" name="test_review_not_owner" time="0.676" /><testcase classname="tests.test_security_fixes.TestSEC004_Withdraw" name="test_negative_amount_422" time="0.194" /><testcase classname="tests.test_security_fixes.TestSEC004_Withdraw" name="test_zero_amount_422" time="0.194" /><testcase classname="tests.test_v3_features.TestVerifiedDriverBadge" name="test_badge_flips_at_5_five_stars_across_vehicles" time="2.359" /><testcase classname="tests.test_security_fixes.TestSEC004_Withdraw" name="test_concurrent_withdraws_atomic_only_one_succeeds" time="0.302" /><testcase classname="tests.test_v3_features.TestVehicleSearchAggregation" name="test_search_returns_seats_available_no_bookings" time="0.044" /><testcase classname="tests.test_v3_features.TestVehicleSearchAggregation" name="test_search_seats_available_after_bookings" time="0.427" /><testcase classname="tests.test_v3_features.TestVehicleSearchAggregation" name="test_search_latency" time="0.045" /><testcase classname="tests.backend_test.TestProfile" name="test_update_profile" time="0.258" /><testcase classname="tests.backend_test.TestProfile" name="test_non_admin_cannot_switch_admin" time="0.084" /><testcase classname="tests.test_security_fixes.TestSEC003_Payment" name="test_gpay_succeeds_when_mock_allowed" time="0.330" /><testcase classname="tests.test_security_fixes.TestSEC003_Payment" name="test_cancel_after_departure_returns_400" time="0.372" /><testcase classname="tests.test_security_fixes.TestSEC005_Upload" name="test_html_content_type_forced_to_image" time="1.109" /><testcase classname="tests.test_v3_features.TestVerifiedDriverBadge" name="test_reviews_on_other_drivers_do_not_verify" time="2.307" /><testcase classname="tests.test_security_fixes.TestSEC005_Upload" name="test_large_file_413" time="0.377" /><testcase classname="tests.backend_test.TestDriverBookings" name="test_driver_list" time="0.294" /><testcase classname="tests.test_security_fixes.TestSEC002_BookingRead" name="test_stranger_cannot_read_others_booking" time="0.901" /><testcase classname="tests.test_v3_features.TestVerifiedDriverBadge" name="test_low_stars_do_not_count" time="1.839" /><testcase classname="tests.test_new_features.TestConfig" name="test_config_shape" time="0.080" /></testsuite></testsuites>