<?xml version="1.0" encoding="utf-8"?><testsuites name="pytest tests"><testsuite name="pytest" errors="0" failures="0" skipped="0" tests="17" time="8.397" timestamp="2026-08-27T06:14:01.037178+00:00" hostname="agent-env-a398e4e3-0539-4297-b964-14b1666cd456"><testcase classname="tests.test_v3_features.TestRegression" name="test_otp_auth" time="0.885" /><testcase classname="tests.test_v3_features.TestCancelBooking" name="test_cancel_paid_booking_refunds_and_releases_seats" time="1.258" /><testcase classname="tests.test_v3_features.TestRegression" name="test_seat_conflict_409" time="0.291" /><testcase classname="tests.test_v3_features.TestRegression" name="test_payment_50_50_split" time="0.159" /><testcase classname="tests.test_v3_features.TestCancelBooking" name="test_cancel_idempotent" time="0.323" /><testcase classname="tests.test_v3_features.TestRegression" name="test_review_creation" time="0.259" /><testcase classname="tests.test_v3_features.TestCancelBooking" name="test_cancel_by_non_owner_returns_404" time="0.323" /><testcase classname="tests.test_v3_features.TestRegression" name="test_referral_apply" time="0.221" /><testcase classname="tests.test_v3_features.TestRegression" name="test_admin_approvals" time="0.314" /><testcase classname="tests.test_v3_features.TestCancelBooking" name="test_cancel_unpaid_booking_no_refund" time="0.167" /><testcase classname="tests.test_v3_features.TestVerifiedDriverBadge" name="test_badge_flips_at_5_five_stars_across_vehicles" time="2.104" /><testcase classname="tests.test_v3_features.TestRegression" name="test_config_and_geocode" time="0.085" /><testcase classname="tests.test_v3_features.TestVehicleSearchAggregation" name="test_search_returns_seats_available_no_bookings" time="0.038" /><testcase classname="tests.test_v3_features.TestVehicleSearchAggregation" name="test_search_seats_available_after_bookings" time="0.199" /><testcase classname="tests.test_v3_features.TestVehicleSearchAggregation" name="test_search_latency" time="0.064" /><testcase classname="tests.test_v3_features.TestVerifiedDriverBadge" name="test_reviews_on_other_drivers_do_not_verify" time="2.092" /><testcase classname="tests.test_v3_features.TestVerifiedDriverBadge" name="test_low_stars_do_not_count" time="1.331" /></testsuite></testsuites>