<?xml version="1.0" encoding="utf-8"?><testsuites name="pytest tests"><testsuite name="pytest" errors="0" failures="0" skipped="0" tests="37" time="3.784" timestamp="2026-08-27T05:57:53.057755+00:00" hostname="agent-env-a398e4e3-0539-4297-b964-14b1666cd456"><testcase classname="tests.test_new_features.TestReferrals" name="test_referral_me_shape" time="0.184" /><testcase classname="tests.backend_test.TestAuth" name="test_otp_send" time="0.136" /><testcase classname="tests.backend_test.TestAuth" name="test_otp_verify_bad_code" time="0.070" /><testcase classname="tests.test_new_features.TestReferrals" name="test_apply_own_code_400" time="0.185" /><testcase classname="tests.backend_test.TestAuth" name="test_otp_verify_good" time="0.035" /><testcase classname="tests.backend_test.TestAuth" name="test_auth_me" time="0.138" /><testcase classname="tests.test_new_features.TestReferrals" name="test_apply_invalid_code_404" time="0.078" /><testcase classname="tests.backend_test.TestAuth" name="test_auth_me_no_token" time="0.078" /><testcase classname="tests.test_new_features.TestReferrals" name="test_apply_twice_409" time="0.257" /><testcase classname="tests.backend_test.TestVehicles" name="test_search_returns_seeded" time="0.037" /><testcase classname="tests.backend_test.TestVehicles" name="test_search_filter_by_type" time="0.038" /><testcase classname="tests.backend_test.TestVehicles" name="test_vehicle_seats" time="0.045" /><testcase classname="tests.test_new_features.TestReferrals" name="test_referral_bonus_credited_first_paid_only" time="0.966" /><testcase classname="tests.backend_test.TestVehicles" name="test_driver_registers_vehicle" time="0.399" /><testcase classname="tests.backend_test.TestWallet" name="test_driver_wallet_after_payment" time="0.190" /><testcase classname="tests.backend_test.TestWallet" name="test_withdraw_insufficient" time="0.077" /><testcase classname="tests.backend_test.TestWallet" name="test_withdraw_ok" time="0.166" /><testcase classname="tests.backend_test.TestAdmin" name="test_non_admin_forbidden" time="0.050" /><testcase classname="tests.backend_test.TestAdmin" name="test_admin_stats" time="0.159" /><testcase classname="tests.backend_test.TestAdmin" name="test_admin_pending_and_approve_reject" time="0.240" /><testcase classname="tests.backend_test.TestBookings" name="test_create_pay_and_persist" time="0.449" /><testcase classname="tests.test_new_features.TestGeocode" name="test_geocode_known" time="0.085" /><testcase classname="tests.test_new_features.TestGeocode" name="test_geocode_case_insensitive" time="0.048" /><testcase classname="tests.test_new_features.TestGeocode" name="test_geocode_unknown_404" time="0.043" /><testcase classname="tests.test_new_features.TestReviews" name="test_review_flow_two_users_avg" time="0.671" /><testcase classname="tests.backend_test.TestBookings" name="test_seat_conflict" time="0.127" /><testcase classname="tests.backend_test.TestBookings" name="test_my_bookings" time="0.037" /><testcase classname="tests.backend_test.TestBookings" name="test_bookings_unauth" time="0.077" /><testcase classname="tests.test_new_features.TestRazorpayFallback" name="test_pay_razorpay_falls_back_to_mock_when_disabled" time="0.213" /><testcase classname="tests.test_new_features.TestRazorpayFallback" name="test_verify_payment_400_when_disabled" time="0.115" /><testcase classname="tests.test_new_features.TestRazorpayFallback" name="test_pay_gpay_still_works" time="0.207" /><testcase classname="tests.test_new_features.TestReviews" name="test_review_only_paid_booking" time="0.140" /><testcase classname="tests.test_new_features.TestReviews" name="test_review_not_owner" time="0.300" /><testcase classname="tests.backend_test.TestProfile" name="test_update_profile" time="0.087" /><testcase classname="tests.backend_test.TestProfile" name="test_non_admin_cannot_switch_admin" time="0.047" /><testcase classname="tests.backend_test.TestDriverBookings" name="test_driver_list" time="0.163" /><testcase classname="tests.test_new_features.TestConfig" name="test_config_shape" time="0.076" /></testsuite></testsuites>