<?xml version="1.0" encoding="utf-8"?><testsuites name="pytest tests"><testsuite name="pytest" errors="0" failures="0" skipped="0" tests="19" time="4.922" timestamp="2026-08-27T06:42:25.855698+00:00" hostname="agent-env-a398e4e3-0539-4297-b964-14b1666cd456"><testcase classname="tests.test_security_fixes.TestBookingValidation" name="test_duplicate_seats_400" time="0.884" /><testcase classname="tests.test_security_fixes.TestSEC001_OTP" name="test_send_returns_random_dev_code_each_call" time="0.679" /><testcase classname="tests.test_security_fixes.TestSEC001_OTP" name="test_verify_wrong_code_401" time="0.599" /><testcase classname="tests.test_security_fixes.TestBookingValidation" name="test_seat_out_of_range_400" time="0.219" /><testcase classname="tests.test_security_fixes.TestBookingValidation" name="test_past_date_400" time="0.191" /><testcase classname="tests.test_security_fixes.TestSEC001_OTP" name="test_verify_old_static_123456_rejected" time="0.132" /><testcase classname="tests.test_security_fixes.TestBookingValidation" name="test_invalid_date_format_400" time="0.254" /><testcase classname="tests.test_security_fixes.TestSEC001_OTP" name="test_correct_code_once_then_single_use" time="0.225" /><testcase classname="tests.test_security_fixes.TestSEC004_Withdraw" name="test_negative_amount_422" time="0.191" /><testcase classname="tests.test_security_fixes.TestSEC001_OTP" name="test_five_wrong_attempts_locks_code_429" time="0.475" /><testcase classname="tests.test_security_fixes.TestSEC004_Withdraw" name="test_zero_amount_422" time="0.232" /><testcase classname="tests.test_security_fixes.TestSEC004_Withdraw" name="test_concurrent_withdraws_atomic_only_one_succeeds" time="0.349" /><testcase classname="tests.test_security_fixes.TestSEC001_OTP" name="test_send_rate_limit_6_per_hour" time="0.423" /><testcase classname="tests.test_security_fixes.TestSEC003_Payment" name="test_gpay_succeeds_when_mock_allowed" time="0.335" /><testcase classname="tests.test_security_fixes.TestSEC001_OTP" name="test_admin_phone_cannot_login_via_otp" time="0.131" /><testcase classname="tests.test_security_fixes.TestSEC003_Payment" name="test_cancel_after_departure_returns_400" time="0.291" /><testcase classname="tests.test_security_fixes.TestSEC005_Upload" name="test_html_content_type_forced_to_image" time="1.293" /><testcase classname="tests.test_security_fixes.TestSEC002_BookingRead" name="test_stranger_cannot_read_others_booking" time="0.846" /><testcase classname="tests.test_security_fixes.TestSEC005_Upload" name="test_large_file_413" time="0.307" /></testsuite></testsuites>