<?xml version="1.0" encoding="utf-8"?><testsuites name="pytest tests"><testsuite name="pytest" errors="0" failures="0" skipped="0" tests="15" time="2.521" timestamp="2026-08-27T05:54:27.968765+00:00" hostname="agent-env-a398e4e3-0539-4297-b964-14b1666cd456"><testcase classname="tests.test_new_features.TestGeocode" name="test_geocode_known" time="0.132" /><testcase classname="tests.test_new_features.TestReferrals" name="test_referral_me_shape" time="0.172" /><testcase classname="tests.test_new_features.TestGeocode" name="test_geocode_case_insensitive" time="0.066" /><testcase classname="tests.test_new_features.TestReferrals" name="test_apply_own_code_400" time="0.152" /><testcase classname="tests.test_new_features.TestGeocode" name="test_geocode_unknown_404" time="0.072" /><testcase classname="tests.test_new_features.TestReviews" name="test_review_flow_two_users_avg" time="0.680" /><testcase classname="tests.test_new_features.TestReferrals" name="test_apply_invalid_code_404" time="0.147" /><testcase classname="tests.test_new_features.TestReferrals" name="test_apply_twice_409" time="0.397" /><testcase classname="tests.test_new_features.TestReferrals" name="test_referral_bonus_credited_first_paid_only" time="0.940" /><testcase classname="tests.test_new_features.TestReviews" name="test_review_only_paid_booking" time="0.112" /><testcase classname="tests.test_new_features.TestReviews" name="test_review_not_owner" time="0.302" /><testcase classname="tests.test_new_features.TestConfig" name="test_config_shape" time="0.073" /><testcase classname="tests.test_new_features.TestRazorpayFallback" name="test_pay_razorpay_falls_back_to_mock_when_disabled" time="0.157" /><testcase classname="tests.test_new_features.TestRazorpayFallback" name="test_verify_payment_400_when_disabled" time="0.103" /><testcase classname="tests.test_new_features.TestRazorpayFallback" name="test_pay_gpay_still_works" time="0.148" /></testsuite></testsuites>